host: ynot
Building DAG of jobs...
Using shell: /usr/bin/bash
Provided cores: 8
Rules claiming more threads will be scaled down.
Job stats:
job             count
------------  -------
all                 1
run_analysis        1
total               2

Select jobs to execute...
Execute 1 jobs...

[Wed Jan 29 17:54:38 2025]
localrule run_analysis:
    input: datasets/sample.fasta, scoring_matrices/BLOSUM62
    output: MSA_Info_{dataset|basename}, MSA_Info_{dataset|basename}/analysis.done
    jobid: 1
    reason: Missing output files: MSA_Info_{dataset|basename}; Code has changed since last execution
    resources: tmpdir=/tmp

[Wed Jan 29 17:54:38 2025]
Error in rule run_analysis:
    jobid: 1
    input: datasets/sample.fasta, scoring_matrices/BLOSUM62
    output: MSA_Info_{dataset|basename}, MSA_Info_{dataset|basename}/analysis.done
    shell:
        
        echo "Running docker with dataset: datasets/sample.fasta and matrix: scoring_matrices/BLOSUM62"
        mkdir -p MSA_Info_{dataset|basename}  # Ensure the output directory exists
        docker run --rm -v $(pwd)/datasets:/app/datasets -v $(pwd)/scoring_matrices:/app/scoring_matrices -v $(pwd):/app msa_analysis python3 /app/code4pipeline.py /app/datasets/sample.fasta /app/scoring_matrices/BLOSUM62 && touch MSA_Info_{dataset|basename}/analysis.done
        
        (one of the commands exited with non-zero exit code; note that snakemake uses bash strict mode!)

Removing output files of failed job run_analysis since they might be corrupted:
MSA_Info_{dataset|basename}
Shutting down, this might take some time.
Exiting because a job execution failed. Look above for error message
Complete log: .snakemake/log/2025-01-29T175438.799180.snakemake.log
WorkflowError:
At least one job did not complete successfully.
