host: ynot
Building DAG of jobs...
Using shell: /usr/bin/bash
Provided cores: 8
Rules claiming more threads will be scaled down.
Job stats:
job             count
------------  -------
all                 1
run_analysis        1
total               2

Select jobs to execute...
Execute 1 jobs...

[Wed Jan 29 17:10:35 2025]
localrule run_analysis:
    input: datasets/sample.fasta, scoring_matrices/BLOSUM62
    output: MSA_Info_{dataset|basename}
    jobid: 1
    reason: Missing output files: MSA_Info_{dataset|basename}; Code has changed since last execution
    resources: tmpdir=/tmp

RuleException in rule run_analysis in file /home/ynot/comparison_of_msa_softwares/snakefile, line 11:
AttributeError: 'InputFiles' object has no attribute 'dataset|basename', when formatting the following:

        # Create the output folder based on the dataset filename
        output_dir="MSA_Info_{input.dataset|basename}"
        mkdir -p $output_dir
        echo "Running docker with dataset: {input.dataset} and matrix: {input.matrix}"
        docker run --rm -v $(pwd)/datasets:/app/datasets -v $(pwd)/scoring_matrices:/app/scoring_matrices -v $(pwd):/app msa_analysis python3 /app/code4pipeline.py /app/datasets/{input.dataset} /app/scoring_matrices/{input.matrix}
        mv /app/MSA_Info_* $output_dir  # Move the result to the corresponding output folder
        
