host: ynot
Building DAG of jobs...
Using shell: /usr/bin/bash
Provided cores: 8
Rules claiming more threads will be scaled down.
Job stats:
job                   count
------------------  -------
build_docker_image        1
total                     1

Select jobs to execute...
Execute 1 jobs...

[Wed Jan 29 14:01:27 2025]
localrule build_docker_image:
    input: Dockerfile
    output: image_built.flag
    jobid: 0
    reason: Missing output files: image_built.flag
    resources: tmpdir=/tmp

[Wed Jan 29 14:03:40 2025]
Finished job 0.
1 of 1 steps (100%) done
Complete log: .snakemake/log/2025-01-29T140127.587685.snakemake.log
