host: ynot
Building DAG of jobs...
Using shell: /usr/bin/bash
Provided cores: 8
Rules claiming more threads will be scaled down.
Job stats:
job             count
------------  -------
all                 1
run_analysis        1
total               2

Select jobs to execute...
Execute 1 jobs...

[Wed Jan 29 17:18:44 2025]
localrule run_analysis:
    input: datasets/sample.fasta, scoring_matrices/BLOSUM62
    output: MSA_Info_{dataset|basename}
    jobid: 1
    reason: Missing output files: MSA_Info_{dataset|basename}
    resources: tmpdir=/tmp

[Wed Jan 29 17:19:21 2025]
Error in rule run_analysis:
    jobid: 1
    input: datasets/sample.fasta, scoring_matrices/BLOSUM62
    output: MSA_Info_{dataset|basename}
    shell:
        
        echo "Running docker with dataset: datasets/sample.fasta and matrix: scoring_matrices/BLOSUM62"
        docker run --rm -v $(pwd)/datasets:/app/datasets -v $(pwd)/scoring_matrices:/app/scoring_matrices -v $(pwd):/app msa_analysis python3 /app/code4pipeline.py /app/datasets/sample.fasta /app/scoring_matrices/BLOSUM62
        echo "Results in /app:"
        ls /app  # List all contents to confirm the folder name
        
        (one of the commands exited with non-zero exit code; note that snakemake uses bash strict mode!)

Shutting down, this might take some time.
Exiting because a job execution failed. Look above for error message
Complete log: .snakemake/log/2025-01-29T171844.738045.snakemake.log
WorkflowError:
At least one job did not complete successfully.
