host: ynot
Building DAG of jobs...
Using shell: /usr/bin/bash
Provided cores: 8
Rules claiming more threads will be scaled down.
Job stats:
job             count
------------  -------
all                 1
build_docker        1
run_analysis        1
total               3

Select jobs to execute...
Execute 1 jobs...

[Sun Feb  2 18:45:16 2025]
localrule build_docker:
    output: msa_info.built
    jobid: 2
    reason: Missing output files: msa_info.built
    resources: tmpdir=/tmp

[Sun Feb  2 18:45:18 2025]
Finished job 2.
1 of 3 steps (33%) done
Select jobs to execute...
Execute 1 jobs...

[Sun Feb  2 18:45:18 2025]
localrule run_analysis:
    input: datasets/sample.fasta, scoring_matrices/BLOSUM62, msa_info.built
    output: MSA_Info_sample
    jobid: 1
    reason: Missing output files: MSA_Info_sample; Input files updated by another job: msa_info.built
    resources: tmpdir=/tmp

[Sun Feb  2 18:46:09 2025]
Finished job 1.
2 of 3 steps (67%) done
Select jobs to execute...
Execute 1 jobs...

[Sun Feb  2 18:46:09 2025]
localrule all:
    input: MSA_Info_sample
    jobid: 0
    reason: Input files updated by another job: MSA_Info_sample
    resources: tmpdir=/tmp

[Sun Feb  2 18:46:09 2025]
Finished job 0.
3 of 3 steps (100%) done
Complete log: .snakemake/log/2025-02-02T184516.483557.snakemake.log
